#
# There is insufficient memory for the Java Runtime Environment to continue.
# Native memory allocation (mmap) failed to map 134217728 bytes for Failed to commit area from 0x0000000081400000 to 0x0000000089400000 of length 134217728.
# Possible reasons:
#   The system is out of physical RAM or swap space
#   The process is running with CompressedOops enabled, and the Java Heap may be blocking the growth of the native heap
# Possible solutions:
#   Reduce memory load on the system
#   Increase physical memory or swap space
#   Check if swap backing store is full
#   Decrease Java heap size (-Xmx/-Xms)
#   Decrease number of Java threads
#   Decrease Java thread stack sizes (-Xss)
#   Set larger code cache with -XX:ReservedCodeCacheSize=
# This output file may be truncated or incomplete.
#
#  Out of Memory Error (t:/workspace/open/src/hotspot/os/windows/os_windows.cpp:3301), pid=16912, tid=23644
#
# JRE version:  (13.0.2+8) (build )
# Java VM: Java HotSpot(TM) 64-Bit Server VM (13.0.2+8, mixed mode, aot, sharing, tiered, compressed oops, g1 gc, windows-amd64)
# No core dump will be written. Minidumps are not enabled by default on client versions of Windows
#

---------------  S U M M A R Y ------------

Command Line: -Dfile.encoding=Cp1252 app.app

Host: Intel(R) Core(TM) i3-6006U CPU @ 2.00GHz, 4 cores, 7G,  Windows 10 , 64 bit Build 18362 (10.0.18362.329)
Time: Sat Feb 29 21:49:35 2020 New Zealand Daylight Time elapsed time: 0 seconds (0d 0h 0m 0s)

---------------  T H R E A D  ---------------

Current thread (0x000002228758d000):  JavaThread "Unknown thread" [_thread_in_vm, id=23644, stack(0x000000d7a9000000,0x000000d7a9100000)]

Stack: [0x000000d7a9000000,0x000000d7a9100000]
Native frames: (J=compiled Java code, j=interpreted, Vv=VM code, C=native code)
V  [jvm.dll+0x624f9a]
V  [jvm.dll+0x770cfa]
V  [jvm.dll+0x7724af]
V  [jvm.dll+0x772ab3]
V  [jvm.dll+0x24bf08]
V  [jvm.dll+0x6222aa]
V  [jvm.dll+0x6170b5]
V  [jvm.dll+0x30a88c]
V  [jvm.dll+0x30a6c2]
V  [jvm.dll+0x30fe36]
V  [jvm.dll+0x353f46]
V  [jvm.dll+0x353720]
V  [jvm.dll+0x2e550a]
V  [jvm.dll+0x2e67a2]
V  [jvm.dll+0x74dd78]
V  [jvm.dll+0x361989]
V  [jvm.dll+0x730e65]
V  [jvm.dll+0x3cc53f]
V  [jvm.dll+0x3ce861]
C  [jli.dll+0x51ff]
C  [ucrtbase.dll+0x20e72]
C  [KERNEL32.DLL+0x17bd4]
C  [ntdll.dll+0x6ced1]


---------------  P R O C E S S  ---------------

Threads class SMR info:
_java_thread_list=0x00007ffc636eccb8, length=0, elements={
}

Java Threads: ( => current thread )

Other Threads:
  0x00000222875cf800 GCTaskThread "GC Thread#0" [stack: 0x000000d7a9100000,0x000000d7a9200000] [id=28532]
  0x00000222875e4800 ConcurrentGCThread "G1 Main Marker" [stack: 0x000000d7a9200000,0x000000d7a9300000] [id=9300]
  0x00000222875e5800 ConcurrentGCThread "G1 Conc#0" [stack: 0x000000d7a9300000,0x000000d7a9400000] [id=13476]

[error occurred during error reporting (printing all threads), id 0xc0000005, EXCEPTION_ACCESS_VIOLATION (0xc0000005) at pc=0x00007ffc62f251d7]

VM state:not at safepoint (not fully initialized)

VM Mutex/Monitor currently owned by a thread:  ([mutex/lock_event])
[0x0000022287588e20] Heap_lock - owner thread: 0x000002228758d000

Heap address: 0x0000000081400000, size: 2028 MB, Compressed Oops mode: Non-zero based: 0x0000000081400000
Narrow klass base: 0x0000000000000000, Narrow klass shift: 0

GC Heap History (0 events):
No events

Deoptimization events (0 events):
No events

Classes unloaded (0 events):
No events

Classes redefined (0 events):
No events

Internal exceptions (0 events):
No events

Events (8 events):
Event: 0.012 Loaded shared library C:\Program Files\Java\jdk-13.0.2\bin\zip.dll
Event: 0.012 Loaded shared library C:\Program Files\Java\jdk-13.0.2\bin\jimage.dll
Event: 0.014 Loading shared library C:\Program Files\Java\jdk-13.0.2\lib\libjava.base-coop.dll failed, error code 126
Event: 0.014 Loading shared library C:\Program Files\Java\jdk-13.0.2\lib\libjava.logging-coop.dll failed, error code 126
Event: 0.014 Loading shared library C:\Program Files\Java\jdk-13.0.2\lib\libjdk.compiler-coop.dll failed, error code 126
Event: 0.015 Loading shared library C:\Program Files\Java\jdk-13.0.2\lib\libjdk.scripting.nashorn-coop.dll failed, error code 126
Event: 0.015 Loading shared library C:\Program Files\Java\jdk-13.0.2\lib\libjdk.internal.vm.ci-coop.dll failed, error code 126
Event: 0.015 Loading shared library C:\Program Files\Java\jdk-13.0.2\lib\libjdk.internal.vm.compiler-coop.dll failed, error code 126


Dynamic libraries:
0x00007ff60f100000 - 0x00007ff60f10f000 	C:\Program Files\Java\jdk-13.0.2\bin\javaw.exe
0x00007ffcab660000 - 0x00007ffcab850000 	C:\WINDOWS\SYSTEM32\ntdll.dll
0x00007ffcaa190000 - 0x00007ffcaa242000 	C:\WINDOWS\System32\KERNEL32.DLL
0x00007ffca8910000 - 0x00007ffca8bb3000 	C:\WINDOWS\System32\KERNELBASE.dll
0x00007ffca8e90000 - 0x00007ffca8f8a000 	C:\WINDOWS\System32\ucrtbase.dll
0x00007ffca26b0000 - 0x00007ffca26c5000 	C:\Program Files\Java\jdk-13.0.2\bin\VCRUNTIME140.dll
0x00007ffca4970000 - 0x00007ffca4988000 	C:\Program Files\Java\jdk-13.0.2\bin\jli.dll
0x00007ffca9770000 - 0x00007ffca9813000 	C:\WINDOWS\System32\ADVAPI32.dll
0x00007ffcaa6c0000 - 0x00007ffcaa75e000 	C:\WINDOWS\System32\msvcrt.dll
0x00007ffca9860000 - 0x00007ffca98f7000 	C:\WINDOWS\System32\sechost.dll
0x00007ffcab010000 - 0x00007ffcab130000 	C:\WINDOWS\System32\RPCRT4.dll
0x00007ffcab410000 - 0x00007ffcab5a4000 	C:\WINDOWS\System32\USER32.dll
0x00007ffc98c40000 - 0x00007ffc98ec5000 	C:\WINDOWS\WinSxS\amd64_microsoft.windows.common-controls_6595b64144ccf1df_6.0.18362.657_none_e6c5b579130e3898\COMCTL32.dll
0x00007ffca8bc0000 - 0x00007ffca8be1000 	C:\WINDOWS\System32\win32u.dll
0x00007ffca9900000 - 0x00007ffca9c36000 	C:\WINDOWS\System32\combase.dll
0x00007ffcab1b0000 - 0x00007ffcab1d6000 	C:\WINDOWS\System32\GDI32.dll
0x00007ffca8860000 - 0x00007ffca88e0000 	C:\WINDOWS\System32\bcryptPrimitives.dll
0x00007ffca8ca0000 - 0x00007ffca8e34000 	C:\WINDOWS\System32\gdi32full.dll
0x00007ffca8670000 - 0x00007ffca870e000 	C:\WINDOWS\System32\msvcp_win.dll
0x00007ffca1ca0000 - 0x00007ffca1caa000 	C:\WINDOWS\SYSTEM32\VERSION.dll
0x00007ffca9820000 - 0x00007ffca984e000 	C:\WINDOWS\System32\IMM32.DLL
0x00007ffc85eb0000 - 0x00007ffc85f4b000 	C:\Program Files\Java\jdk-13.0.2\bin\msvcp140.dll
0x00007ffc62c30000 - 0x00007ffc6378d000 	C:\Program Files\Java\jdk-13.0.2\bin\server\jvm.dll
0x00007ffca9850000 - 0x00007ffca9858000 	C:\WINDOWS\System32\PSAPI.DLL
0x00007ffca4dc0000 - 0x00007ffca4de4000 	C:\WINDOWS\SYSTEM32\WINMM.dll
0x00007ffca6ff0000 - 0x00007ffca6ff9000 	C:\WINDOWS\SYSTEM32\WSOCK32.dll
0x00007ffcaa0c0000 - 0x00007ffcaa12f000 	C:\WINDOWS\System32\WS2_32.dll
0x00007ffca4d90000 - 0x00007ffca4dbd000 	C:\WINDOWS\SYSTEM32\WINMMBASE.dll
0x00007ffca8e40000 - 0x00007ffca8e8a000 	C:\WINDOWS\System32\cfgmgr32.dll
0x00007ffca85d0000 - 0x00007ffca85e1000 	C:\WINDOWS\System32\kernel.appcore.dll
0x00007ffca49e0000 - 0x00007ffca49f0000 	C:\Program Files\Java\jdk-13.0.2\bin\verify.dll
0x00007ffca6dd0000 - 0x00007ffca6fc4000 	C:\WINDOWS\SYSTEM32\DBGHELP.DLL
0x00007ffc948c0000 - 0x00007ffc948ea000 	C:\WINDOWS\SYSTEM32\dbgcore.DLL
0x00007ffc98700000 - 0x00007ffc98726000 	C:\Program Files\Java\jdk-13.0.2\bin\java.dll
0x00007ffca2b90000 - 0x00007ffca2ba7000 	C:\Program Files\Java\jdk-13.0.2\bin\zip.dll
0x00007ffca49c0000 - 0x00007ffca49ca000 	C:\Program Files\Java\jdk-13.0.2\bin\jimage.dll

dbghelp: loaded successfully - version: 4.0.5 - missing functions: none
symbol engine: initialized successfully - sym options: 0x614 - pdb path: .;C:\Program Files\Java\jdk-13.0.2\bin;C:\WINDOWS\SYSTEM32;C:\WINDOWS\WinSxS\amd64_microsoft.windows.common-controls_6595b64144ccf1df_6.0.18362.657_none_e6c5b579130e3898;C:\Program Files\Java\jdk-13.0.2\bin\server

VM Arguments:
jvm_args: -Dfile.encoding=Cp1252 
java_command: app.app
java_class_path (initial): C:\Users\Marlon\eclipse-workspace\Assigment 1\bin
Launcher Type: SUN_STANDARD

[Global flags]
     intx CICompilerCount                          = 3                                         {product} {ergonomic}
     uint ConcGCThreads                            = 1                                         {product} {ergonomic}
     uint G1ConcRefinementThreads                  = 4                                         {product} {ergonomic}
   size_t G1HeapRegionSize                         = 1048576                                   {product} {ergonomic}
    uintx GCDrainStackTargetSize                   = 64                                        {product} {ergonomic}
   size_t InitialHeapSize                          = 134217728                                 {product} {ergonomic}
   size_t MarkStackSize                            = 4194304                                   {product} {ergonomic}
   size_t MaxHeapSize                              = 2126512128                                {product} {ergonomic}
   size_t MinHeapDeltaBytes                        = 1048576                                   {product} {ergonomic}
   size_t MinHeapSize                              = 8388608                                   {product} {ergonomic}
    uintx NonNMethodCodeHeapSize                   = 5832780                                {pd product} {ergonomic}
    uintx NonProfiledCodeHeapSize                  = 122912730                              {pd product} {ergonomic}
    uintx ProfiledCodeHeapSize                     = 122912730                              {pd product} {ergonomic}
    uintx ReservedCodeCacheSize                    = 251658240                              {pd product} {ergonomic}
     bool SegmentedCodeCache                       = true                                      {product} {ergonomic}
   size_t SoftMaxHeapSize                          = 2126512128                             {manageable} {ergonomic}
     bool UseCompressedClassPointers               = true                                 {lp64_product} {ergonomic}
     bool UseCompressedOops                        = true                                 {lp64_product} {ergonomic}
     bool UseG1GC                                  = true                                      {product} {ergonomic}
     bool UseLargePagesIndividualAllocation        = false                                  {pd product} {ergonomic}

Logging:
Log output configuration:
 #0: stdout all=warning uptime,level,tags
 #1: stderr all=off uptime,level,tags

Environment Variables:
PATH=C:/Program Files/Java/jdk-13.0.2/bin/server;C:/Program Files/Java/jdk-13.0.2/bin;C:\Program Files (x86)\Common Files\Oracle\Java\javapath;C:\WINDOWS\system32;C:\WINDOWS;C:\WINDOWS\System32\Wbem;C:\WINDOWS\System32\WindowsPowerShell\v1.0\;C:\Program Files\Git\cmd;C:\Program Files\Git\mingw64\bin;C:\Program Files\Git\usr\bin;C:\Program Files\nodejs\;C:\Program Files\dotnet\;C:\Program Files\Microsoft SQL Server\130\Tools\Binn\;C:\WINDOWS\System32\OpenSSH\;C:\Program Files (x86)\Microsoft SQL Server\Client SDK\ODBC\130\Tools\Binn\;C:\Program Files (x86)\Microsoft SQL Server\140\Tools\Binn\;C:\Program Files (x86)\Microsoft SQL Server\140\DTS\Binn\;C:\Program Files (x86)\Microsoft SQL Server\140\Tools\Binn\ManagementStudio\;C:\Program Files\Microsoft SQL Server\Client SDK\ODBC\130\Tools\Binn\;C:\Program Files\Microsoft SQL Server\140\Tools\Binn\;C:\Program Files\Microsoft SQL Server\140\DTS\Binn\;C:\Program Files\Microsoft SQL Server\Client SDK\ODBC\170\Tools\Binn\;C:\Program Files\PuTTY\;C:\Users\Marlon\AppData\Local\Microsoft\WindowsApps;C:\Users\Marlon\AppData\Local\Programs\Microsoft VS Code\bin;C:\Users\Marlon\AppData\Roaming\npm;C:\php;;C:\WINDOWS\system32;
USERNAME=Marlon
OS=Windows_NT
PROCESSOR_IDENTIFIER=Intel64 Family 6 Model 78 Stepping 3, GenuineIntel



---------------  S Y S T E M  ---------------

OS: Windows 10 , 64 bit Build 18362 (10.0.18362.329)
HyperV virtualization detected

CPU:total 4 (initial active 4) (2 cores per cpu, 2 threads per core) family 6 model 78 stepping 3, cmov, cx8, fxsr, mmx, sse, sse2, sse3, ssse3, sse4.1, sse4.2, popcnt, avx, avx2, aes, clmul, erms, 3dnowpref, lzcnt, ht, tsc, tscinvbit, bmi1, bmi2, adx, fma

Memory: 4k page, system-wide physical 8108M (1131M free)
TotalPageFile size 32684M (AvailPageFile size 78M)
current process WorkingSet (physical memory assigned to process): 10M, peak: 10M
current process commit charge ("private bytes"): 52M, peak: 180M

vm_info: Java HotSpot(TM) 64-Bit Server VM (13.0.2+8) for windows-amd64 JRE (13.0.2+8), built on Dec 11 2019 09:20:33 by "mach5one" with unknown MS VC++:1916

END.
